{"meta": {"format": 3, "version": "7.13.5", "timestamp": "2026-05-09T13:13:26.976072", "branch_coverage": false, "show_contexts": false}, "files": {"src/hallucination_checker/__init__.py": {"executed_lines": [12, 13], "summary": {"covered_lines": 2, "num_statements": 2, "percent_covered": 100.0, "percent_covered_display": "100", "missing_lines": 0, "excluded_lines": 0, "percent_statements_covered": 100.0, "percent_statements_covered_display": "100"}, "missing_lines": [], "excluded_lines": [], "functions": {"": {"executed_lines": [12, 13], "summary": {"covered_lines": 2, "num_statements": 2, "percent_covered": 100.0, "percent_covered_display": "100", "missing_lines": 0, "excluded_lines": 0, "percent_statements_covered": 100.0, "percent_statements_covered_display": "100"}, "missing_lines": [], "excluded_lines": [], "start_line": 1}}, "classes": {"": {"executed_lines": [12, 13], "summary": {"covered_lines": 2, "num_statements": 2, "percent_covered": 100.0, "percent_covered_display": "100", "missing_lines": 0, "excluded_lines": 0, "percent_statements_covered": 100.0, "percent_statements_covered_display": "100"}, "missing_lines": [], "excluded_lines": [], "start_line": 1}}}, "src/hallucination_checker/__main__.py": {"executed_lines": [], "summary": {"covered_lines": 0, "num_statements": 18, "percent_covered": 0.0, "percent_covered_display": "0", "missing_lines": 18, "excluded_lines": 0, "percent_statements_covered": 0.0, "percent_statements_covered_display": "0"}, "missing_lines": [8, 9, 12, 18, 19, 21, 22, 23, 26, 27, 28, 29, 32, 35, 37, 39, 42, 43], "excluded_lines": [], "functions": {"_ensure_import_path": {"executed_lines": [], "summary": {"covered_lines": 0, "num_statements": 9, "percent_covered": 0.0, "percent_covered_display": "0", "missing_lines": 9, "excluded_lines": 0, "percent_statements_covered": 0.0, "percent_statements_covered_display": "0"}, "missing_lines": [18, 19, 21, 22, 23, 26, 27, 28, 29], "excluded_lines": [], "start_line": 12}, "main": {"executed_lines": [], "summary": {"covered_lines": 0, "num_statements": 2, "percent_covered": 0.0, "percent_covered_display": "0", "missing_lines": 2, "excluded_lines": 0, "percent_statements_covered": 0.0, "percent_statements_covered_display": "0"}, "missing_lines": [37, 39], "excluded_lines": [], "start_line": 35}, "": {"executed_lines": [], "summary": {"covered_lines": 0, "num_statements": 7, "percent_covered": 0.0, "percent_covered_display": "0", "missing_lines": 7, "excluded_lines": 0, "percent_statements_covered": 0.0, "percent_statements_covered_display": "0"}, "missing_lines": [8, 9, 12, 32, 35, 42, 43], "excluded_lines": [], "start_line": 1}}, "classes": {"": {"executed_lines": [], "summary": {"covered_lines": 0, "num_statements": 18, "percent_covered": 0.0, "percent_covered_display": "0", "missing_lines": 18, "excluded_lines": 0, "percent_statements_covered": 0.0, "percent_statements_covered_display": "0"}, "missing_lines": [8, 9, 12, 18, 19, 21, 22, 23, 26, 27, 28, 29, 32, 35, 37, 39, 42, 43], "excluded_lines": [], "start_line": 1}}}, "src/hallucination_checker/cli/__init__.py": {"executed_lines": [], "summary": {"covered_lines": 0, "num_statements": 0, "percent_covered": 100.0, "percent_covered_display": "100", "missing_lines": 0, "excluded_lines": 0, "percent_statements_covered": 100.0, "percent_statements_covered_display": "100"}, "missing_lines": [], "excluded_lines": [], "functions": {"": {"executed_lines": [], "summary": {"covered_lines": 0, "num_statements": 0, "percent_covered": 100.0, "percent_covered_display": "100", "missing_lines": 0, "excluded_lines": 0, "percent_statements_covered": 100.0, "percent_statements_covered_display": "100"}, "missing_lines": [], "excluded_lines": [], "start_line": 1}}, "classes": {"": {"executed_lines": [], "summary": {"covered_lines": 0, "num_statements": 0, "percent_covered": 100.0, "percent_covered_display": "100", "missing_lines": 0, "excluded_lines": 0, "percent_statements_covered": 100.0, "percent_statements_covered_display": "100"}, "missing_lines": [], "excluded_lines": [], "start_line": 1}}}, "src/hallucination_checker/cli/main.py": {"executed_lines": [5, 7, 8, 9, 10, 11, 12, 19, 26, 28, 31, 44, 45, 48, 49, 50, 51, 52, 53, 54, 56, 57, 60, 61, 62, 63, 64, 67, 70, 71, 74, 75, 76, 78, 79, 80, 81, 83, 85, 86, 93, 96, 113], "summary": {"covered_lines": 43, "num_statements": 55, "percent_covered": 78.18181818181819, "percent_covered_display": "78", "missing_lines": 12, "excluded_lines": 0, "percent_statements_covered": 78.18181818181819, "percent_statements_covered_display": "78"}, "missing_lines": [98, 99, 100, 101, 102, 104, 105, 107, 108, 109, 110, 114], "excluded_lines": [], "functions": {"check_docx": {"executed_lines": [44, 45, 48, 49, 50, 51, 52, 53, 54, 56, 57, 60, 61, 62, 63, 64, 67, 70, 71, 74, 75, 76, 78, 79, 80, 81, 83, 85, 86, 93], "summary": {"covered_lines": 30, "num_statements": 30, "percent_covered": 100.0, "percent_covered_display": "100", "missing_lines": 0, "excluded_lines": 0, "percent_statements_covered": 100.0, "percent_statements_covered_display": "100"}, "missing_lines": [], "excluded_lines": [], "start_line": 31}, "main": {"executed_lines": [], "summary": {"covered_lines": 0, "num_statements": 11, "percent_covered": 0.0, "percent_covered_display": "0", "missing_lines": 11, "excluded_lines": 0, "percent_statements_covered": 0.0, "percent_statements_covered_display": "0"}, "missing_lines": [98, 99, 100, 101, 102, 104, 105, 107, 108, 109, 110], "excluded_lines": [], "start_line": 96}, "": {"executed_lines": [5, 7, 8, 9, 10, 11, 12, 19, 26, 28, 31, 96, 113], "summary": {"covered_lines": 13, "num_statements": 14, "percent_covered": 92.85714285714286, "percent_covered_display": "93", "missing_lines": 1, "excluded_lines": 0, "percent_statements_covered": 92.85714285714286, "percent_statements_covered_display": "93"}, "missing_lines": [114], "excluded_lines": [], "start_line": 1}}, "classes": {"": {"executed_lines": [5, 7, 8, 9, 10, 11, 12, 19, 26, 28, 31, 44, 45, 48, 49, 50, 51, 52, 53, 54, 56, 57, 60, 61, 62, 63, 64, 67, 70, 71, 74, 75, 76, 78, 79, 80, 81, 83, 85, 86, 93, 96, 113], "summary": {"covered_lines": 43, "num_statements": 55, "percent_covered": 78.18181818181819, "percent_covered_display": "78", "missing_lines": 12, "excluded_lines": 0, "percent_statements_covered": 78.18181818181819, "percent_statements_covered_display": "78"}, "missing_lines": [98, 99, 100, 101, 102, 104, 105, 107, 108, 109, 110, 114], "excluded_lines": [], "start_line": 1}}}, "src/hallucination_checker/engine/__init__.py": {"executed_lines": [], "summary": {"covered_lines": 0, "num_statements": 0, "percent_covered": 100.0, "percent_covered_display": "100", "missing_lines": 0, "excluded_lines": 0, "percent_statements_covered": 100.0, "percent_statements_covered_display": "100"}, "missing_lines": [], "excluded_lines": [], "functions": {"": {"executed_lines": [], "summary": {"covered_lines": 0, "num_statements": 0, "percent_covered": 100.0, "percent_covered_display": "100", "missing_lines": 0, "excluded_lines": 0, "percent_statements_covered": 100.0, "percent_statements_covered_display": "100"}, "missing_lines": [], "excluded_lines": [], "start_line": 1}}, "classes": {"": {"executed_lines": [], "summary": {"covered_lines": 0, "num_statements": 0, "percent_covered": 100.0, "percent_covered_display": "100", "missing_lines": 0, "excluded_lines": 0, "percent_statements_covered": 100.0, "percent_statements_covered_display": "100"}, "missing_lines": [], "excluded_lines": [], "start_line": 1}}}, "src/hallucination_checker/engine/checker.py": {"executed_lines": [9, 11, 12, 17, 18, 19, 20, 21, 22, 23, 24, 25, 28, 41, 42, 45, 65, 72, 73, 74, 77, 80, 81, 83, 84, 89, 91, 92, 95, 96, 99, 100, 102, 103, 108, 109, 110, 111, 114, 115, 116, 117, 118, 119, 122, 123, 128, 129, 134, 135, 141, 151, 152, 153, 155], "summary": {"covered_lines": 55, "num_statements": 61, "percent_covered": 90.1639344262295, "percent_covered_display": "90", "missing_lines": 6, "excluded_lines": 2, "percent_statements_covered": 90.1639344262295, "percent_statements_covered_display": "90"}, "missing_lines": [52, 57, 58, 59, 90, 124], "excluded_lines": [14, 15], "functions": {"gehd_check": {"executed_lines": [41, 42], "summary": {"covered_lines": 2, "num_statements": 2, "percent_covered": 100.0, "percent_covered_display": "100", "missing_lines": 0, "excluded_lines": 0, "percent_statements_covered": 100.0, "percent_statements_covered_display": "100"}, "missing_lines": [], "excluded_lines": [], "start_line": 28}, "gehd_check_docx": {"executed_lines": [], "summary": {"covered_lines": 0, "num_statements": 4, "percent_covered": 0.0, "percent_covered_display": "0", "missing_lines": 4, "excluded_lines": 0, "percent_statements_covered": 0.0, "percent_statements_covered_display": "0"}, "missing_lines": [52, 57, 58, 59], "excluded_lines": [], "start_line": 45}, "_gehd_check_impl": {"executed_lines": [72, 73, 74, 77, 80, 81, 83, 84, 89, 91, 92, 95, 96, 99, 100, 102, 103, 108, 109, 110, 111, 114, 115, 116, 117, 118, 119, 122, 123, 128, 129, 134, 135, 141, 151, 152, 153, 155], "summary": {"covered_lines": 38, "num_statements": 40, "percent_covered": 95.0, "percent_covered_display": "95", "missing_lines": 2, "excluded_lines": 0, "percent_statements_covered": 95.0, "percent_statements_covered_display": "95"}, "missing_lines": [90, 124], "excluded_lines": [], "start_line": 65}, "": {"executed_lines": [9, 11, 12, 17, 18, 19, 20, 21, 22, 23, 24, 25, 28, 45, 65], "summary": {"covered_lines": 15, "num_statements": 15, "percent_covered": 100.0, "percent_covered_display": "100", "missing_lines": 0, "excluded_lines": 2, "percent_statements_covered": 100.0, "percent_statements_covered_display": "100"}, "missing_lines": [], "excluded_lines": [14, 15], "start_line": 1}}, "classes": {"": {"executed_lines": [9, 11, 12, 17, 18, 19, 20, 21, 22, 23, 24, 25, 28, 41, 42, 45, 65, 72, 73, 74, 77, 80, 81, 83, 84, 89, 91, 92, 95, 96, 99, 100, 102, 103, 108, 109, 110, 111, 114, 115, 116, 117, 118, 119, 122, 123, 128, 129, 134, 135, 141, 151, 152, 153, 155], "summary": {"covered_lines": 55, "num_statements": 61, "percent_covered": 90.1639344262295, "percent_covered_display": "90", "missing_lines": 6, "excluded_lines": 2, "percent_statements_covered": 90.1639344262295, "percent_statements_covered_display": "90"}, "missing_lines": [52, 57, 58, 59, 90, 124], "excluded_lines": [14, 15], "start_line": 1}}}, "src/hallucination_checker/engine/config.py": {"executed_lines": [15, 17, 18, 19, 20, 25, 26, 27, 32, 33, 34, 35, 36, 37, 38, 46, 47, 57, 58, 59, 60, 61, 62, 63, 64, 65, 68, 69, 70, 71, 72, 75, 269, 279, 342, 383, 399, 425, 441, 514, 543, 586, 591, 598, 604, 605, 607, 609, 610, 616, 619, 620, 621, 624, 625, 626, 629, 630, 631, 634, 635, 636, 639, 642, 643, 646, 647, 648, 651, 652, 653, 656, 657, 658, 660, 666, 668, 669, 670, 671, 672, 673, 674, 675, 676, 679, 681, 682, 683, 684, 685, 686, 691, 692, 693, 696, 698, 699, 700, 702, 703, 704, 705, 707, 709, 727, 728, 729, 730, 731, 732, 734, 741, 742, 747, 748, 749, 750, 752, 753, 754, 760, 762, 766, 767, 768, 772, 777, 778, 779, 785, 788], "summary": {"covered_lines": 132, "num_statements": 134, "percent_covered": 98.50746268656717, "percent_covered_display": "99", "missing_lines": 2, "excluded_lines": 0, "percent_statements_covered": 98.50746268656717, "percent_statements_covered_display": "99"}, "missing_lines": [769, 780], "excluded_lines": [], "functions": {"GEHDConfig.default": {"executed_lines": [607], "summary": {"covered_lines": 1, "num_statements": 1, "percent_covered": 100.0, "percent_covered_display": "100", "missing_lines": 0, "excluded_lines": 0, "percent_statements_covered": 100.0, "percent_statements_covered_display": "100"}, "missing_lines": [], "excluded_lines": [], "start_line": 605}, "GEHDConfig.from_json_dir": {"executed_lines": [616, 619, 620, 621, 624, 625, 626, 629, 630, 631, 634, 635, 636, 639, 642, 643, 646, 647, 648, 651, 652, 653, 656, 657, 658, 660], "summary": {"covered_lines": 26, "num_statements": 26, "percent_covered": 100.0, "percent_covered_display": "100", "missing_lines": 0, "excluded_lines": 0, "percent_statements_covered": 100.0, "percent_statements_covered_display": "100"}, "missing_lines": [], "excluded_lines": [], "start_line": 610}, "_load_list": {"executed_lines": [668, 669, 670, 671, 672, 673, 674, 675, 676], "summary": {"covered_lines": 9, "num_statements": 9, "percent_covered": 100.0, "percent_covered_display": "100", "missing_lines": 0, "excluded_lines": 0, "percent_statements_covered": 100.0, "percent_statements_covered_display": "100"}, "missing_lines": [], "excluded_lines": [], "start_line": 666}, "_load_patterns": {"executed_lines": [681, 682, 683, 684, 685, 686, 691, 692, 693], "summary": {"covered_lines": 9, "num_statements": 9, "percent_covered": 100.0, "percent_covered_display": "100", "missing_lines": 0, "excluded_lines": 0, "percent_statements_covered": 100.0, "percent_statements_covered_display": "100"}, "missing_lines": [], "excluded_lines": [], "start_line": 679}, "_load_thresholds": {"executed_lines": [698, 699, 700, 702, 703, 704, 705, 707, 709, 727, 728, 729, 730, 731, 732, 734, 741, 742, 747, 748, 749, 750, 752, 753, 754], "summary": {"covered_lines": 25, "num_statements": 25, "percent_covered": 100.0, "percent_covered_display": "100", "missing_lines": 0, "excluded_lines": 0, "percent_statements_covered": 100.0, "percent_statements_covered_display": "100"}, "missing_lines": [], "excluded_lines": [], "start_line": 696}, "_find_config_dir": {"executed_lines": [762, 766, 767, 768], "summary": {"covered_lines": 4, "num_statements": 5, "percent_covered": 80.0, "percent_covered_display": "80", "missing_lines": 1, "excluded_lines": 0, "percent_statements_covered": 80.0, "percent_statements_covered_display": "80"}, "missing_lines": [769], "excluded_lines": [], "start_line": 760}, "load_config": {"executed_lines": [777, 778, 779], "summary": {"covered_lines": 3, "num_statements": 4, "percent_covered": 75.0, "percent_covered_display": "75", "missing_lines": 1, "excluded_lines": 0, "percent_statements_covered": 75.0, "percent_statements_covered_display": "75"}, "missing_lines": [780], "excluded_lines": [], "start_line": 772}, "": {"executed_lines": [15, 17, 18, 19, 20, 25, 26, 27, 32, 33, 34, 35, 36, 37, 38, 46, 47, 57, 58, 59, 60, 61, 62, 63, 64, 65, 68, 69, 70, 71, 72, 75, 269, 279, 342, 383, 399, 425, 441, 514, 543, 586, 591, 598, 604, 605, 609, 610, 666, 679, 696, 760, 772, 785, 788], "summary": {"covered_lines": 55, "num_statements": 55, "percent_covered": 100.0, "percent_covered_display": "100", "missing_lines": 0, "excluded_lines": 0, "percent_statements_covered": 100.0, "percent_statements_covered_display": "100"}, "missing_lines": [], "excluded_lines": [], "start_line": 1}}, "classes": {"GEHDConfig": {"executed_lines": [607, 616, 619, 620, 621, 624, 625, 626, 629, 630, 631, 634, 635, 636, 639, 642, 643, 646, 647, 648, 651, 652, 653, 656, 657, 658, 660], "summary": {"covered_lines": 27, "num_statements": 27, "percent_covered": 100.0, "percent_covered_display": "100", "missing_lines": 0, "excluded_lines": 0, "percent_statements_covered": 100.0, "percent_statements_covered_display": "100"}, "missing_lines": [], "excluded_lines": [], "start_line": 47}, "": {"executed_lines": [15, 17, 18, 19, 20, 25, 26, 27, 32, 33, 34, 35, 36, 37, 38, 46, 47, 57, 58, 59, 60, 61, 62, 63, 64, 65, 68, 69, 70, 71, 72, 75, 269, 279, 342, 383, 399, 425, 441, 514, 543, 586, 591, 598, 604, 605, 609, 610, 666, 668, 669, 670, 671, 672, 673, 674, 675, 676, 679, 681, 682, 683, 684, 685, 686, 691, 692, 693, 696, 698, 699, 700, 702, 703, 704, 705, 707, 709, 727, 728, 729, 730, 731, 732, 734, 741, 742, 747, 748, 749, 750, 752, 753, 754, 760, 762, 766, 767, 768, 772, 777, 778, 779, 785, 788], "summary": {"covered_lines": 105, "num_statements": 107, "percent_covered": 98.13084112149532, "percent_covered_display": "98", "missing_lines": 2, "excluded_lines": 0, "percent_statements_covered": 98.13084112149532, "percent_statements_covered_display": "98"}, "missing_lines": [769, 780], "excluded_lines": [], "start_line": 1}}}, "src/hallucination_checker/engine/extractors/__init__.py": {"executed_lines": [], "summary": {"covered_lines": 0, "num_statements": 0, "percent_covered": 100.0, "percent_covered_display": "100", "missing_lines": 0, "excluded_lines": 0, "percent_statements_covered": 100.0, "percent_statements_covered_display": "100"}, "missing_lines": [], "excluded_lines": [], "functions": {"": {"executed_lines": [], "summary": {"covered_lines": 0, "num_statements": 0, "percent_covered": 100.0, "percent_covered_display": "100", "missing_lines": 0, "excluded_lines": 0, "percent_statements_covered": 100.0, "percent_statements_covered_display": "100"}, "missing_lines": [], "excluded_lines": [], "start_line": 1}}, "classes": {"": {"executed_lines": [], "summary": {"covered_lines": 0, "num_statements": 0, "percent_covered": 100.0, "percent_covered_display": "100", "missing_lines": 0, "excluded_lines": 0, "percent_statements_covered": 100.0, "percent_statements_covered_display": "100"}, "missing_lines": [], "excluded_lines": [], "start_line": 1}}}, "src/hallucination_checker/engine/extractors/text_extractor.py": {"executed_lines": [8, 10, 16, 25, 28, 29, 30, 33, 39], "summary": {"covered_lines": 9, "num_statements": 13, "percent_covered": 69.23076923076923, "percent_covered_display": "69", "missing_lines": 4, "excluded_lines": 2, "percent_statements_covered": 69.23076923076923, "percent_statements_covered_display": "69"}, "missing_lines": [34, 35, 36, 37], "excluded_lines": [12, 13], "functions": {"extract_all_text": {"executed_lines": [25, 28, 29, 30, 33, 39], "summary": {"covered_lines": 6, "num_statements": 10, "percent_covered": 60.0, "percent_covered_display": "60", "missing_lines": 4, "excluded_lines": 0, "percent_statements_covered": 60.0, "percent_statements_covered_display": "60"}, "missing_lines": [34, 35, 36, 37], "excluded_lines": [], "start_line": 16}, "": {"executed_lines": [8, 10, 16], "summary": {"covered_lines": 3, "num_statements": 3, "percent_covered": 100.0, "percent_covered_display": "100", "missing_lines": 0, "excluded_lines": 2, "percent_statements_covered": 100.0, "percent_statements_covered_display": "100"}, "missing_lines": [], "excluded_lines": [12, 13], "start_line": 1}}, "classes": {"": {"executed_lines": [8, 10, 16, 25, 28, 29, 30, 33, 39], "summary": {"covered_lines": 9, "num_statements": 13, "percent_covered": 69.23076923076923, "percent_covered_display": "69", "missing_lines": 4, "excluded_lines": 2, "percent_statements_covered": 69.23076923076923, "percent_statements_covered_display": "69"}, "missing_lines": [34, 35, 36, 37], "excluded_lines": [12, 13], "start_line": 1}}}, "src/hallucination_checker/engine/layers/__init__.py": {"executed_lines": [], "summary": {"covered_lines": 0, "num_statements": 0, "percent_covered": 100.0, "percent_covered_display": "100", "missing_lines": 0, "excluded_lines": 0, "percent_statements_covered": 100.0, "percent_statements_covered_display": "100"}, "missing_lines": [], "excluded_lines": [], "functions": {"": {"executed_lines": [], "summary": {"covered_lines": 0, "num_statements": 0, "percent_covered": 100.0, "percent_covered_display": "100", "missing_lines": 0, "excluded_lines": 0, "percent_statements_covered": 100.0, "percent_statements_covered_display": "100"}, "missing_lines": [], "excluded_lines": [], "start_line": 1}}, "classes": {"": {"executed_lines": [], "summary": {"covered_lines": 0, "num_statements": 0, "percent_covered": 100.0, "percent_covered_display": "100", "missing_lines": 0, "excluded_lines": 0, "percent_statements_covered": 100.0, "percent_statements_covered_display": "100"}, "missing_lines": [], "excluded_lines": [], "start_line": 1}}}, "src/hallucination_checker/engine/layers/l1_whitelist.py": {"executed_lines": [5, 8, 19, 20, 21, 22, 23, 24, 26, 27, 28, 29, 30, 32, 34], "summary": {"covered_lines": 15, "num_statements": 15, "percent_covered": 100.0, "percent_covered_display": "100", "missing_lines": 0, "excluded_lines": 0, "percent_statements_covered": 100.0, "percent_statements_covered_display": "100"}, "missing_lines": [], "excluded_lines": [], "functions": {"check_substring_whitelist": {"executed_lines": [19, 20, 21, 22, 23, 24, 26, 27, 28, 29, 30, 32, 34], "summary": {"covered_lines": 13, "num_statements": 13, "percent_covered": 100.0, "percent_covered_display": "100", "missing_lines": 0, "excluded_lines": 0, "percent_statements_covered": 100.0, "percent_statements_covered_display": "100"}, "missing_lines": [], "excluded_lines": [], "start_line": 8}, "": {"executed_lines": [5, 8], "summary": {"covered_lines": 2, "num_statements": 2, "percent_covered": 100.0, "percent_covered_display": "100", "missing_lines": 0, "excluded_lines": 0, "percent_statements_covered": 100.0, "percent_statements_covered_display": "100"}, "missing_lines": [], "excluded_lines": [], "start_line": 1}}, "classes": {"": {"executed_lines": [5, 8, 19, 20, 21, 22, 23, 24, 26, 27, 28, 29, 30, 32, 34], "summary": {"covered_lines": 15, "num_statements": 15, "percent_covered": 100.0, "percent_covered_display": "100", "missing_lines": 0, "excluded_lines": 0, "percent_statements_covered": 100.0, "percent_statements_covered_display": "100"}, "missing_lines": [], "excluded_lines": [], "start_line": 1}}}, "src/hallucination_checker/engine/layers/l25_nonentity.py": {"executed_lines": [5, 7, 10, 12, 14, 15, 16, 17, 18, 26, 28, 31, 32, 33, 43, 46, 48, 49, 50, 51, 52, 54], "summary": {"covered_lines": 22, "num_statements": 26, "percent_covered": 84.61538461538461, "percent_covered_display": "85", "missing_lines": 4, "excluded_lines": 0, "percent_statements_covered": 84.61538461538461, "percent_statements_covered_display": "85"}, "missing_lines": [23, 24, 27, 29], "excluded_lines": [], "functions": {"detect_non_entity": {"executed_lines": [12, 14, 15, 16, 17, 18, 26, 28, 31, 32, 33, 43], "summary": {"covered_lines": 12, "num_statements": 16, "percent_covered": 75.0, "percent_covered_display": "75", "missing_lines": 4, "excluded_lines": 0, "percent_statements_covered": 75.0, "percent_statements_covered_display": "75"}, "missing_lines": [23, 24, 27, 29], "excluded_lines": [], "start_line": 10}, "deduplicate_l25": {"executed_lines": [48, 49, 50, 51, 52, 54], "summary": {"covered_lines": 6, "num_statements": 6, "percent_covered": 100.0, "percent_covered_display": "100", "missing_lines": 0, "excluded_lines": 0, "percent_statements_covered": 100.0, "percent_statements_covered_display": "100"}, "missing_lines": [], "excluded_lines": [], "start_line": 46}, "": {"executed_lines": [5, 7, 10, 46], "summary": {"covered_lines": 4, "num_statements": 4, "percent_covered": 100.0, "percent_covered_display": "100", "missing_lines": 0, "excluded_lines": 0, "percent_statements_covered": 100.0, "percent_statements_covered_display": "100"}, "missing_lines": [], "excluded_lines": [], "start_line": 1}}, "classes": {"": {"executed_lines": [5, 7, 10, 12, 14, 15, 16, 17, 18, 26, 28, 31, 32, 33, 43, 46, 48, 49, 50, 51, 52, 54], "summary": {"covered_lines": 22, "num_statements": 26, "percent_covered": 84.61538461538461, "percent_covered_display": "85", "missing_lines": 4, "excluded_lines": 0, "percent_statements_covered": 84.61538461538461, "percent_statements_covered_display": "85"}, "missing_lines": [23, 24, 27, 29], "excluded_lines": [], "start_line": 1}}}, "src/hallucination_checker/engine/layers/l2_blacklist.py": {"executed_lines": [5, 8, 10, 12, 13, 14, 15, 17], "summary": {"covered_lines": 8, "num_statements": 8, "percent_covered": 100.0, "percent_covered_display": "100", "missing_lines": 0, "excluded_lines": 0, "percent_statements_covered": 100.0, "percent_statements_covered_display": "100"}, "missing_lines": [], "excluded_lines": [], "functions": {"scan_blacklist": {"executed_lines": [10, 12, 13, 14, 15, 17], "summary": {"covered_lines": 6, "num_statements": 6, "percent_covered": 100.0, "percent_covered_display": "100", "missing_lines": 0, "excluded_lines": 0, "percent_statements_covered": 100.0, "percent_statements_covered_display": "100"}, "missing_lines": [], "excluded_lines": [], "start_line": 8}, "": {"executed_lines": [5, 8], "summary": {"covered_lines": 2, "num_statements": 2, "percent_covered": 100.0, "percent_covered_display": "100", "missing_lines": 0, "excluded_lines": 0, "percent_statements_covered": 100.0, "percent_statements_covered_display": "100"}, "missing_lines": [], "excluded_lines": [], "start_line": 1}}, "classes": {"": {"executed_lines": [5, 8, 10, 12, 13, 14, 15, 17], "summary": {"covered_lines": 8, "num_statements": 8, "percent_covered": 100.0, "percent_covered_display": "100", "missing_lines": 0, "excluded_lines": 0, "percent_statements_covered": 100.0, "percent_statements_covered_display": "100"}, "missing_lines": [], "excluded_lines": [], "start_line": 1}}}, "src/hallucination_checker/engine/layers/l36_consistency.py": {"executed_lines": [9, 12, 24, 25, 26, 27, 28, 29, 31, 32, 33, 34, 35, 44, 47, 58, 59, 61, 62, 63, 64, 73, 76, 82, 83, 84], "summary": {"covered_lines": 26, "num_statements": 26, "percent_covered": 100.0, "percent_covered_display": "100", "missing_lines": 0, "excluded_lines": 0, "percent_statements_covered": 100.0, "percent_statements_covered_display": "100"}, "missing_lines": [], "excluded_lines": [], "functions": {"check_entity_frequency": {"executed_lines": [24, 25, 26, 27, 28, 29, 31, 32, 33, 34, 35, 44], "summary": {"covered_lines": 12, "num_statements": 12, "percent_covered": 100.0, "percent_covered_display": "100", "missing_lines": 0, "excluded_lines": 0, "percent_statements_covered": 100.0, "percent_statements_covered_display": "100"}, "missing_lines": [], "excluded_lines": [], "start_line": 12}, "check_amount_conflicts": {"executed_lines": [58, 59, 61, 62, 63, 64, 73], "summary": {"covered_lines": 7, "num_statements": 7, "percent_covered": 100.0, "percent_covered_display": "100", "missing_lines": 0, "excluded_lines": 0, "percent_statements_covered": 100.0, "percent_statements_covered_display": "100"}, "missing_lines": [], "excluded_lines": [], "start_line": 47}, "run_consistency_checks": {"executed_lines": [82, 83, 84], "summary": {"covered_lines": 3, "num_statements": 3, "percent_covered": 100.0, "percent_covered_display": "100", "missing_lines": 0, "excluded_lines": 0, "percent_statements_covered": 100.0, "percent_statements_covered_display": "100"}, "missing_lines": [], "excluded_lines": [], "start_line": 76}, "": {"executed_lines": [9, 12, 47, 76], "summary": {"covered_lines": 4, "num_statements": 4, "percent_covered": 100.0, "percent_covered_display": "100", "missing_lines": 0, "excluded_lines": 0, "percent_statements_covered": 100.0, "percent_statements_covered_display": "100"}, "missing_lines": [], "excluded_lines": [], "start_line": 1}}, "classes": {"": {"executed_lines": [9, 12, 24, 25, 26, 27, 28, 29, 31, 32, 33, 34, 35, 44, 47, 58, 59, 61, 62, 63, 64, 73, 76, 82, 83, 84], "summary": {"covered_lines": 26, "num_statements": 26, "percent_covered": 100.0, "percent_covered_display": "100", "missing_lines": 0, "excluded_lines": 0, "percent_statements_covered": 100.0, "percent_statements_covered_display": "100"}, "missing_lines": [], "excluded_lines": [], "start_line": 1}}}, "src/hallucination_checker/engine/layers/l37_declaration.py": {"executed_lines": [8, 11, 18, 20, 22, 23, 24, 25, 26, 34, 37, 38, 40, 49, 52, 54, 55, 56, 57, 58, 60], "summary": {"covered_lines": 21, "num_statements": 24, "percent_covered": 87.5, "percent_covered_display": "88", "missing_lines": 3, "excluded_lines": 0, "percent_statements_covered": 87.5, "percent_statements_covered_display": "88"}, "missing_lines": [31, 32, 35], "excluded_lines": [], "functions": {"detect_declarations": {"executed_lines": [18, 20, 22, 23, 24, 25, 26, 34, 37, 38, 40, 49], "summary": {"covered_lines": 12, "num_statements": 15, "percent_covered": 80.0, "percent_covered_display": "80", "missing_lines": 3, "excluded_lines": 0, "percent_statements_covered": 80.0, "percent_statements_covered_display": "80"}, "missing_lines": [31, 32, 35], "excluded_lines": [], "start_line": 11}, "deduplicate_declarations": {"executed_lines": [54, 55, 56, 57, 58, 60], "summary": {"covered_lines": 6, "num_statements": 6, "percent_covered": 100.0, "percent_covered_display": "100", "missing_lines": 0, "excluded_lines": 0, "percent_statements_covered": 100.0, "percent_statements_covered_display": "100"}, "missing_lines": [], "excluded_lines": [], "start_line": 52}, "": {"executed_lines": [8, 11, 52], "summary": {"covered_lines": 3, "num_statements": 3, "percent_covered": 100.0, "percent_covered_display": "100", "missing_lines": 0, "excluded_lines": 0, "percent_statements_covered": 100.0, "percent_statements_covered_display": "100"}, "missing_lines": [], "excluded_lines": [], "start_line": 1}}, "classes": {"": {"executed_lines": [8, 11, 18, 20, 22, 23, 24, 25, 26, 34, 37, 38, 40, 49, 52, 54, 55, 56, 57, 58, 60], "summary": {"covered_lines": 21, "num_statements": 24, "percent_covered": 87.5, "percent_covered_display": "88", "missing_lines": 3, "excluded_lines": 0, "percent_statements_covered": 87.5, "percent_statements_covered_display": "88"}, "missing_lines": [31, 32, 35], "excluded_lines": [], "start_line": 1}}}, "src/hallucination_checker/engine/layers/l3_heuristic.py": {"executed_lines": [5, 7, 8, 11, 15, 17, 18, 19, 21, 22, 23, 32, 33, 35, 39, 40, 42, 43, 45, 46, 47, 50, 51, 54, 57, 58, 59, 60, 63, 67, 70, 71, 72, 73, 77, 80, 83, 85, 86, 96, 99, 101, 102, 103, 104, 105, 106, 108, 110, 113, 115, 116, 118, 119, 126], "summary": {"covered_lines": 55, "num_statements": 62, "percent_covered": 88.70967741935483, "percent_covered_display": "89", "missing_lines": 7, "excluded_lines": 0, "percent_statements_covered": 88.70967741935483, "percent_statements_covered_display": "89"}, "missing_lines": [28, 29, 36, 44, 74, 81, 124], "excluded_lines": [], "functions": {"extract_and_score": {"executed_lines": [15, 17, 18, 19, 21, 22, 23, 32, 33, 35, 39, 40, 42, 43, 45, 46, 47, 50, 51, 54, 57, 58, 59, 60, 63, 67, 70, 71, 72, 73, 77, 80, 83, 85, 86, 96], "summary": {"covered_lines": 36, "num_statements": 42, "percent_covered": 85.71428571428571, "percent_covered_display": "86", "missing_lines": 6, "excluded_lines": 0, "percent_statements_covered": 85.71428571428571, "percent_statements_covered_display": "86"}, "missing_lines": [28, 29, 36, 44, 74, 81], "excluded_lines": [], "start_line": 11}, "deduplicate_entities": {"executed_lines": [101, 102, 103, 104, 105, 106, 108, 110], "summary": {"covered_lines": 8, "num_statements": 8, "percent_covered": 100.0, "percent_covered_display": "100", "missing_lines": 0, "excluded_lines": 0, "percent_statements_covered": 100.0, "percent_statements_covered_display": "100"}, "missing_lines": [], "excluded_lines": [], "start_line": 99}, "_is_excluded": {"executed_lines": [115, 116, 118, 119, 126], "summary": {"covered_lines": 5, "num_statements": 6, "percent_covered": 83.33333333333333, "percent_covered_display": "83", "missing_lines": 1, "excluded_lines": 0, "percent_statements_covered": 83.33333333333333, "percent_statements_covered_display": "83"}, "missing_lines": [124], "excluded_lines": [], "start_line": 113}, "": {"executed_lines": [5, 7, 8, 11, 99, 113], "summary": {"covered_lines": 6, "num_statements": 6, "percent_covered": 100.0, "percent_covered_display": "100", "missing_lines": 0, "excluded_lines": 0, "percent_statements_covered": 100.0, "percent_statements_covered_display": "100"}, "missing_lines": [], "excluded_lines": [], "start_line": 1}}, "classes": {"": {"executed_lines": [5, 7, 8, 11, 15, 17, 18, 19, 21, 22, 23, 32, 33, 35, 39, 40, 42, 43, 45, 46, 47, 50, 51, 54, 57, 58, 59, 60, 63, 67, 70, 71, 72, 73, 77, 80, 83, 85, 86, 96, 99, 101, 102, 103, 104, 105, 106, 108, 110, 113, 115, 116, 118, 119, 126], "summary": {"covered_lines": 55, "num_statements": 62, "percent_covered": 88.70967741935483, "percent_covered_display": "89", "missing_lines": 7, "excluded_lines": 0, "percent_statements_covered": 88.70967741935483, "percent_statements_covered_display": "89"}, "missing_lines": [28, 29, 36, 44, 74, 81, 124], "excluded_lines": [], "start_line": 1}}}, "src/hallucination_checker/engine/layers/l4_verify.py": {"executed_lines": [5, 6, 7, 9, 22, 24, 26, 27, 40, 41, 54, 57, 59, 60, 87, 88, 89, 91, 94, 96, 97, 98], "summary": {"covered_lines": 22, "num_statements": 29, "percent_covered": 75.86206896551724, "percent_covered_display": "76", "missing_lines": 7, "excluded_lines": 0, "percent_statements_covered": 75.86206896551724, "percent_statements_covered_display": "76"}, "missing_lines": [100, 101, 102, 103, 104, 105, 106], "excluded_lines": [], "functions": {"build_verify_queue": {"executed_lines": [24, 26, 27, 40, 41, 54], "summary": {"covered_lines": 6, "num_statements": 6, "percent_covered": 100.0, "percent_covered_display": "100", "missing_lines": 0, "excluded_lines": 0, "percent_statements_covered": 100.0, "percent_statements_covered_display": "100"}, "missing_lines": [], "excluded_lines": [], "start_line": 22}, "export_queue": {"executed_lines": [59, 60, 87, 88, 89, 91], "summary": {"covered_lines": 6, "num_statements": 6, "percent_covered": 100.0, "percent_covered_display": "100", "missing_lines": 0, "excluded_lines": 0, "percent_statements_covered": 100.0, "percent_statements_covered_display": "100"}, "missing_lines": [], "excluded_lines": [], "start_line": 57}, "load_cache": {"executed_lines": [96, 97, 98], "summary": {"covered_lines": 3, "num_statements": 10, "percent_covered": 30.0, "percent_covered_display": "30", "missing_lines": 7, "excluded_lines": 0, "percent_statements_covered": 30.0, "percent_statements_covered_display": "30"}, "missing_lines": [100, 101, 102, 103, 104, 105, 106], "excluded_lines": [], "start_line": 94}, "": {"executed_lines": [5, 6, 7, 9, 22, 57, 94], "summary": {"covered_lines": 7, "num_statements": 7, "percent_covered": 100.0, "percent_covered_display": "100", "missing_lines": 0, "excluded_lines": 0, "percent_statements_covered": 100.0, "percent_statements_covered_display": "100"}, "missing_lines": [], "excluded_lines": [], "start_line": 1}}, "classes": {"": {"executed_lines": [5, 6, 7, 9, 22, 24, 26, 27, 40, 41, 54, 57, 59, 60, 87, 88, 89, 91, 94, 96, 97, 98], "summary": {"covered_lines": 22, "num_statements": 29, "percent_covered": 75.86206896551724, "percent_covered_display": "76", "missing_lines": 7, "excluded_lines": 0, "percent_statements_covered": 75.86206896551724, "percent_statements_covered_display": "76"}, "missing_lines": [100, 101, 102, 103, 104, 105, 106], "excluded_lines": [], "start_line": 1}}}, "src/hallucination_checker/engine/scorers/__init__.py": {"executed_lines": [], "summary": {"covered_lines": 0, "num_statements": 0, "percent_covered": 100.0, "percent_covered_display": "100", "missing_lines": 0, "excluded_lines": 0, "percent_statements_covered": 100.0, "percent_statements_covered_display": "100"}, "missing_lines": [], "excluded_lines": [], "functions": {"": {"executed_lines": [], "summary": {"covered_lines": 0, "num_statements": 0, "percent_covered": 100.0, "percent_covered_display": "100", "missing_lines": 0, "excluded_lines": 0, "percent_statements_covered": 100.0, "percent_statements_covered_display": "100"}, "missing_lines": [], "excluded_lines": [], "start_line": 1}}, "classes": {"": {"executed_lines": [], "summary": {"covered_lines": 0, "num_statements": 0, "percent_covered": 100.0, "percent_covered_display": "100", "missing_lines": 0, "excluded_lines": 0, "percent_statements_covered": 100.0, "percent_statements_covered_display": "100"}, "missing_lines": [], "excluded_lines": [], "start_line": 1}}}, "src/hallucination_checker/gui/__init__.py": {"executed_lines": [6, 8], "summary": {"covered_lines": 2, "num_statements": 2, "percent_covered": 100.0, "percent_covered_display": "100", "missing_lines": 0, "excluded_lines": 0, "percent_statements_covered": 100.0, "percent_statements_covered_display": "100"}, "missing_lines": [], "excluded_lines": [], "functions": {"": {"executed_lines": [6, 8], "summary": {"covered_lines": 2, "num_statements": 2, "percent_covered": 100.0, "percent_covered_display": "100", "missing_lines": 0, "excluded_lines": 0, "percent_statements_covered": 100.0, "percent_statements_covered_display": "100"}, "missing_lines": [], "excluded_lines": [], "start_line": 1}}, "classes": {"": {"executed_lines": [6, 8], "summary": {"covered_lines": 2, "num_statements": 2, "percent_covered": 100.0, "percent_covered_display": "100", "missing_lines": 0, "excluded_lines": 0, "percent_statements_covered": 100.0, "percent_statements_covered_display": "100"}, "missing_lines": [], "excluded_lines": [], "start_line": 1}}}, "src/hallucination_checker/gui/__main__.py": {"executed_lines": [], "summary": {"covered_lines": 0, "num_statements": 8, "percent_covered": 0.0, "percent_covered_display": "0", "missing_lines": 8, "excluded_lines": 0, "percent_statements_covered": 0.0, "percent_statements_covered_display": "0"}, "missing_lines": [2, 3, 4, 7, 8, 9, 11, 13], "excluded_lines": [], "functions": {"": {"executed_lines": [], "summary": {"covered_lines": 0, "num_statements": 8, "percent_covered": 0.0, "percent_covered_display": "0", "missing_lines": 8, "excluded_lines": 0, "percent_statements_covered": 0.0, "percent_statements_covered_display": "0"}, "missing_lines": [2, 3, 4, 7, 8, 9, 11, 13], "excluded_lines": [], "start_line": 1}}, "classes": {"": {"executed_lines": [], "summary": {"covered_lines": 0, "num_statements": 8, "percent_covered": 0.0, "percent_covered_display": "0", "missing_lines": 8, "excluded_lines": 0, "percent_statements_covered": 0.0, "percent_statements_covered_display": "0"}, "missing_lines": [2, 3, 4, 7, 8, 9, 11, 13], "excluded_lines": [], "start_line": 1}}}, "src/hallucination_checker/gui/main_window.py": {"executed_lines": [11, 13, 14, 15, 16, 17, 19, 20, 26, 49, 50, 51, 52, 55, 58, 59, 60, 61, 62, 63, 64, 69, 70, 71, 74, 76, 77, 78, 79, 82, 84, 85, 86, 87, 88, 93, 95, 96, 97, 100, 101, 102, 103, 104, 105, 106, 111, 114, 119, 128, 140, 143, 162, 184, 276, 283, 293, 353, 367, 433, 448, 462, 483, 525, 538, 553], "summary": {"covered_lines": 66, "num_statements": 319, "percent_covered": 20.689655172413794, "percent_covered_display": "21", "missing_lines": 253, "excluded_lines": 0, "percent_statements_covered": 20.689655172413794, "percent_statements_covered_display": "21"}, "missing_lines": [89, 90, 98, 99, 115, 116, 117, 120, 121, 122, 123, 124, 125, 126, 129, 130, 131, 132, 133, 134, 135, 144, 145, 146, 147, 150, 151, 152, 153, 154, 156, 157, 158, 163, 165, 166, 167, 168, 169, 170, 171, 172, 173, 174, 176, 177, 178, 179, 180, 185, 186, 187, 188, 189, 192, 193, 195, 196, 197, 199, 200, 202, 204, 205, 206, 208, 209, 210, 211, 212, 213, 216, 217, 218, 222, 223, 224, 226, 227, 229, 230, 231, 232, 234, 235, 238, 241, 242, 243, 246, 249, 250, 251, 254, 257, 258, 259, 260, 261, 262, 265, 266, 267, 270, 272, 277, 278, 279, 284, 288, 289, 294, 295, 296, 297, 299, 300, 301, 302, 304, 305, 306, 308, 311, 312, 313, 314, 316, 317, 318, 319, 322, 323, 324, 325, 326, 327, 330, 331, 332, 333, 334, 337, 338, 341, 342, 344, 345, 354, 362, 363, 375, 376, 377, 380, 381, 382, 383, 384, 385, 388, 389, 390, 391, 392, 393, 396, 397, 398, 399, 400, 401, 403, 404, 406, 407, 408, 410, 413, 414, 415, 416, 417, 418, 419, 420, 421, 422, 423, 424, 427, 428, 429, 439, 440, 441, 442, 443, 444, 449, 450, 451, 452, 453, 454, 455, 456, 471, 473, 474, 475, 477, 478, 479, 481, 491, 492, 493, 495, 496, 498, 499, 503, 505, 506, 507, 508, 509, 512, 513, 514, 515, 516, 518, 519, 520, 521, 526, 527, 528, 529, 530, 531, 532, 533, 540, 541, 542, 545, 547, 548, 550, 554], "excluded_lines": [], "functions": {"_extract_word_from_issue": {"executed_lines": [76, 77, 78, 79], "summary": {"covered_lines": 4, "num_statements": 4, "percent_covered": 100.0, "percent_covered_display": "100", "missing_lines": 0, "excluded_lines": 0, "percent_statements_covered": 100.0, "percent_statements_covered_display": "100"}, "missing_lines": [], "excluded_lines": [], "start_line": 74}, "_word_in_json_array": {"executed_lines": [84, 85, 86, 87, 88], "summary": {"covered_lines": 5, "num_statements": 7, "percent_covered": 71.42857142857143, "percent_covered_display": "71", "missing_lines": 2, "excluded_lines": 0, "percent_statements_covered": 71.42857142857143, "percent_statements_covered_display": "71"}, "missing_lines": [89, 90], "excluded_lines": [], "start_line": 82}, "_append_to_json_array": {"executed_lines": [95, 96, 97, 100, 101, 102, 103, 104, 105, 106], "summary": {"covered_lines": 10, "num_statements": 12, "percent_covered": 83.33333333333333, "percent_covered_display": "83", "missing_lines": 2, "excluded_lines": 0, "percent_statements_covered": 83.33333333333333, "percent_statements_covered_display": "83"}, "missing_lines": [98, 99], "excluded_lines": [], "start_line": 93}, "DropLineEdit.__init__": {"executed_lines": [], "summary": {"covered_lines": 0, "num_statements": 3, "percent_covered": 0.0, "percent_covered_display": "0", "missing_lines": 3, "excluded_lines": 0, "percent_statements_covered": 0.0, "percent_statements_covered_display": "0"}, "missing_lines": [115, 116, 117], "excluded_lines": [], "start_line": 114}, "DropLineEdit.dragEnterEvent": {"executed_lines": [], "summary": {"covered_lines": 0, "num_statements": 7, "percent_covered": 0.0, "percent_covered_display": "0", "missing_lines": 7, "excluded_lines": 0, "percent_statements_covered": 0.0, "percent_statements_covered_display": "0"}, "missing_lines": [120, 121, 122, 123, 124, 125, 126], "excluded_lines": [], "start_line": 119}, "DropLineEdit.dropEvent": {"executed_lines": [], "summary": {"covered_lines": 0, "num_statements": 7, "percent_covered": 0.0, "percent_covered_display": "0", "missing_lines": 7, "excluded_lines": 0, "percent_statements_covered": 0.0, "percent_statements_covered_display": "0"}, "missing_lines": [129, 130, 131, 132, 133, 134, 135], "excluded_lines": [], "start_line": 128}, "MainWindow.__init__": {"executed_lines": [], "summary": {"covered_lines": 0, "num_statements": 12, "percent_covered": 0.0, "percent_covered_display": "0", "missing_lines": 12, "excluded_lines": 0, "percent_statements_covered": 0.0, "percent_statements_covered_display": "0"}, "missing_lines": [144, 145, 146, 147, 150, 151, 152, 153, 154, 156, 157, 158], "excluded_lines": [], "start_line": 143}, "MainWindow._setup_menu": {"executed_lines": [], "summary": {"covered_lines": 0, "num_statements": 16, "percent_covered": 0.0, "percent_covered_display": "0", "missing_lines": 16, "excluded_lines": 0, "percent_statements_covered": 0.0, "percent_statements_covered_display": "0"}, "missing_lines": [163, 165, 166, 167, 168, 169, 170, 171, 172, 173, 174, 176, 177, 178, 179, 180], "excluded_lines": [], "start_line": 162}, "MainWindow._setup_ui": {"executed_lines": [], "summary": {"covered_lines": 0, "num_statements": 56, "percent_covered": 0.0, "percent_covered_display": "0", "missing_lines": 56, "excluded_lines": 0, "percent_statements_covered": 0.0, "percent_statements_covered_display": "0"}, "missing_lines": [185, 186, 187, 188, 189, 192, 193, 195, 196, 197, 199, 200, 202, 204, 205, 206, 208, 209, 210, 211, 212, 213, 216, 217, 218, 222, 223, 224, 226, 227, 229, 230, 231, 232, 234, 235, 238, 241, 242, 243, 246, 249, 250, 251, 254, 257, 258, 259, 260, 261, 262, 265, 266, 267, 270, 272], "excluded_lines": [], "start_line": 184}, "MainWindow._setup_statusbar": {"executed_lines": [], "summary": {"covered_lines": 0, "num_statements": 3, "percent_covered": 0.0, "percent_covered_display": "0", "missing_lines": 3, "excluded_lines": 0, "percent_statements_covered": 0.0, "percent_statements_covered_display": "0"}, "missing_lines": [277, 278, 279], "excluded_lines": [], "start_line": 276}, "MainWindow._browse_file": {"executed_lines": [], "summary": {"covered_lines": 0, "num_statements": 3, "percent_covered": 0.0, "percent_covered_display": "0", "missing_lines": 3, "excluded_lines": 0, "percent_statements_covered": 0.0, "percent_statements_covered_display": "0"}, "missing_lines": [284, 288, 289], "excluded_lines": [], "start_line": 283}, "MainWindow._scan": {"executed_lines": [], "summary": {"covered_lines": 0, "num_statements": 37, "percent_covered": 0.0, "percent_covered_display": "0", "missing_lines": 37, "excluded_lines": 0, "percent_statements_covered": 0.0, "percent_statements_covered_display": "0"}, "missing_lines": [294, 295, 296, 297, 299, 300, 301, 302, 304, 305, 306, 308, 311, 312, 313, 314, 316, 317, 318, 319, 322, 323, 324, 325, 326, 327, 330, 331, 332, 333, 334, 337, 338, 341, 342, 344, 345], "excluded_lines": [], "start_line": 293}, "MainWindow._refresh_stats": {"executed_lines": [], "summary": {"covered_lines": 0, "num_statements": 3, "percent_covered": 0.0, "percent_covered_display": "0", "missing_lines": 3, "excluded_lines": 0, "percent_statements_covered": 0.0, "percent_statements_covered_display": "0"}, "missing_lines": [354, 362, 363], "excluded_lines": [], "start_line": 353}, "MainWindow._refresh_results": {"executed_lines": [], "summary": {"covered_lines": 0, "num_statements": 42, "percent_covered": 0.0, "percent_covered_display": "0", "missing_lines": 42, "excluded_lines": 0, "percent_statements_covered": 0.0, "percent_statements_covered_display": "0"}, "missing_lines": [375, 376, 377, 380, 381, 382, 383, 384, 385, 388, 389, 390, 391, 392, 393, 396, 397, 398, 399, 400, 401, 403, 404, 406, 407, 408, 410, 413, 414, 415, 416, 417, 418, 419, 420, 421, 422, 423, 424, 427, 428, 429], "excluded_lines": [], "start_line": 367}, "MainWindow._on_result_context_menu": {"executed_lines": [], "summary": {"covered_lines": 0, "num_statements": 6, "percent_covered": 0.0, "percent_covered_display": "0", "missing_lines": 6, "excluded_lines": 0, "percent_statements_covered": 0.0, "percent_statements_covered_display": "0"}, "missing_lines": [439, 440, 441, 442, 443, 444], "excluded_lines": [], "start_line": 433}, "MainWindow._on_l4_context_menu": {"executed_lines": [], "summary": {"covered_lines": 0, "num_statements": 8, "percent_covered": 0.0, "percent_covered_display": "0", "missing_lines": 8, "excluded_lines": 0, "percent_statements_covered": 0.0, "percent_statements_covered_display": "0"}, "missing_lines": [449, 450, 451, 452, 453, 454, 455, 456], "excluded_lines": [], "start_line": 448}, "MainWindow._show_context_menu": {"executed_lines": [], "summary": {"covered_lines": 0, "num_statements": 8, "percent_covered": 0.0, "percent_covered_display": "0", "missing_lines": 8, "excluded_lines": 0, "percent_statements_covered": 0.0, "percent_statements_covered_display": "0"}, "missing_lines": [471, 473, 474, 475, 477, 478, 479, 481], "excluded_lines": [], "start_line": 462}, "MainWindow._mark_word": {"executed_lines": [], "summary": {"covered_lines": 0, "num_statements": 22, "percent_covered": 0.0, "percent_covered_display": "0", "missing_lines": 22, "excluded_lines": 0, "percent_statements_covered": 0.0, "percent_statements_covered_display": "0"}, "missing_lines": [491, 492, 493, 495, 496, 498, 499, 503, 505, 506, 507, 508, 509, 512, 513, 514, 515, 516, 518, 519, 520, 521], "excluded_lines": [], "start_line": 483}, "MainWindow._open_settings": {"executed_lines": [], "summary": {"covered_lines": 0, "num_statements": 8, "percent_covered": 0.0, "percent_covered_display": "0", "missing_lines": 8, "excluded_lines": 0, "percent_statements_covered": 0.0, "percent_statements_covered_display": "0"}, "missing_lines": [526, 527, 528, 529, 530, 531, 532, 533], "excluded_lines": [], "start_line": 525}, "main": {"executed_lines": [], "summary": {"covered_lines": 0, "num_statements": 7, "percent_covered": 0.0, "percent_covered_display": "0", "missing_lines": 7, "excluded_lines": 0, "percent_statements_covered": 0.0, "percent_statements_covered_display": "0"}, "missing_lines": [540, 541, 542, 545, 547, 548, 550], "excluded_lines": [], "start_line": 538}, "": {"executed_lines": [11, 13, 14, 15, 16, 17, 19, 20, 26, 49, 50, 51, 52, 55, 58, 59, 60, 61, 62, 63, 64, 69, 70, 71, 74, 82, 93, 111, 114, 119, 128, 140, 143, 162, 184, 276, 283, 293, 353, 367, 433, 448, 462, 483, 525, 538, 553], "summary": {"covered_lines": 47, "num_statements": 48, "percent_covered": 97.91666666666667, "percent_covered_display": "98", "missing_lines": 1, "excluded_lines": 0, "percent_statements_covered": 97.91666666666667, "percent_statements_covered_display": "98"}, "missing_lines": [554], "excluded_lines": [], "start_line": 1}}, "classes": {"DropLineEdit": {"executed_lines": [], "summary": {"covered_lines": 0, "num_statements": 17, "percent_covered": 0.0, "percent_covered_display": "0", "missing_lines": 17, "excluded_lines": 0, "percent_statements_covered": 0.0, "percent_statements_covered_display": "0"}, "missing_lines": [115, 116, 117, 120, 121, 122, 123, 124, 125, 126, 129, 130, 131, 132, 133, 134, 135], "excluded_lines": [], "start_line": 111}, "MainWindow": {"executed_lines": [], "summary": {"covered_lines": 0, "num_statements": 224, "percent_covered": 0.0, "percent_covered_display": "0", "missing_lines": 224, "excluded_lines": 0, "percent_statements_covered": 0.0, "percent_statements_covered_display": "0"}, "missing_lines": [144, 145, 146, 147, 150, 151, 152, 153, 154, 156, 157, 158, 163, 165, 166, 167, 168, 169, 170, 171, 172, 173, 174, 176, 177, 178, 179, 180, 185, 186, 187, 188, 189, 192, 193, 195, 196, 197, 199, 200, 202, 204, 205, 206, 208, 209, 210, 211, 212, 213, 216, 217, 218, 222, 223, 224, 226, 227, 229, 230, 231, 232, 234, 235, 238, 241, 242, 243, 246, 249, 250, 251, 254, 257, 258, 259, 260, 261, 262, 265, 266, 267, 270, 272, 277, 278, 279, 284, 288, 289, 294, 295, 296, 297, 299, 300, 301, 302, 304, 305, 306, 308, 311, 312, 313, 314, 316, 317, 318, 319, 322, 323, 324, 325, 326, 327, 330, 331, 332, 333, 334, 337, 338, 341, 342, 344, 345, 354, 362, 363, 375, 376, 377, 380, 381, 382, 383, 384, 385, 388, 389, 390, 391, 392, 393, 396, 397, 398, 399, 400, 401, 403, 404, 406, 407, 408, 410, 413, 414, 415, 416, 417, 418, 419, 420, 421, 422, 423, 424, 427, 428, 429, 439, 440, 441, 442, 443, 444, 449, 450, 451, 452, 453, 454, 455, 456, 471, 473, 474, 475, 477, 478, 479, 481, 491, 492, 493, 495, 496, 498, 499, 503, 505, 506, 507, 508, 509, 512, 513, 514, 515, 516, 518, 519, 520, 521, 526, 527, 528, 529, 530, 531, 532, 533], "excluded_lines": [], "start_line": 140}, "": {"executed_lines": [11, 13, 14, 15, 16, 17, 19, 20, 26, 49, 50, 51, 52, 55, 58, 59, 60, 61, 62, 63, 64, 69, 70, 71, 74, 76, 77, 78, 79, 82, 84, 85, 86, 87, 88, 93, 95, 96, 97, 100, 101, 102, 103, 104, 105, 106, 111, 114, 119, 128, 140, 143, 162, 184, 276, 283, 293, 353, 367, 433, 448, 462, 483, 525, 538, 553], "summary": {"covered_lines": 66, "num_statements": 78, "percent_covered": 84.61538461538461, "percent_covered_display": "85", "missing_lines": 12, "excluded_lines": 0, "percent_statements_covered": 84.61538461538461, "percent_statements_covered_display": "85"}, "missing_lines": [89, 90, 98, 99, 540, 541, 542, 545, 547, 548, 550, 554], "excluded_lines": [], "start_line": 1}}}, "src/hallucination_checker/gui/settings_dialog.py": {"executed_lines": [5, 7, 8, 9, 11, 12, 29, 34, 38, 39, 40, 46, 49, 51, 52, 53, 54, 55, 56, 57, 60, 62, 63, 64, 65, 66, 67, 68, 69, 72, 74, 75, 76, 81, 83, 84, 87, 96, 115, 130, 153, 176, 255, 256, 263, 264, 276, 281, 285, 289, 311, 316, 321, 326, 347, 354], "summary": {"covered_lines": 56, "num_statements": 236, "percent_covered": 23.728813559322035, "percent_covered_display": "24", "missing_lines": 180, "excluded_lines": 0, "percent_statements_covered": 23.728813559322035, "percent_statements_covered_display": "24"}, "missing_lines": [41, 77, 78, 97, 98, 99, 100, 101, 103, 104, 105, 108, 110, 111, 116, 118, 119, 120, 121, 122, 124, 125, 126, 131, 132, 133, 135, 136, 137, 138, 139, 140, 141, 143, 144, 145, 147, 148, 149, 154, 155, 156, 158, 159, 160, 161, 162, 163, 164, 166, 167, 168, 170, 171, 172, 177, 178, 179, 180, 181, 184, 185, 187, 188, 189, 190, 192, 193, 194, 195, 197, 198, 199, 200, 202, 203, 204, 205, 207, 208, 209, 210, 212, 213, 214, 215, 217, 218, 219, 220, 222, 225, 226, 228, 229, 230, 231, 233, 236, 237, 239, 240, 241, 242, 244, 245, 246, 247, 249, 250, 251, 257, 258, 259, 260, 261, 265, 266, 267, 269, 270, 271, 272, 277, 278, 279, 282, 283, 286, 287, 290, 291, 293, 294, 295, 296, 297, 300, 301, 302, 304, 305, 307, 308, 309, 312, 313, 314, 317, 318, 319, 322, 323, 324, 327, 328, 329, 330, 331, 332, 333, 334, 335, 336, 338, 339, 341, 342, 343, 345, 348, 349, 350, 351, 352, 356, 357, 358, 359, 360], "excluded_lines": [], "functions": {"get_config_dir": {"executed_lines": [34, 38, 39, 40], "summary": {"covered_lines": 4, "num_statements": 5, "percent_covered": 80.0, "percent_covered_display": "80", "missing_lines": 1, "excluded_lines": 0, "percent_statements_covered": 80.0, "percent_statements_covered_display": "80"}, "missing_lines": [41], "excluded_lines": [], "start_line": 29}, "_read_json_array": {"executed_lines": [51, 52, 53, 54, 55, 56, 57], "summary": {"covered_lines": 7, "num_statements": 7, "percent_covered": 100.0, "percent_covered_display": "100", "missing_lines": 0, "excluded_lines": 0, "percent_statements_covered": 100.0, "percent_statements_covered_display": "100"}, "missing_lines": [], "excluded_lines": [], "start_line": 49}, "_write_json_array": {"executed_lines": [62, 63, 64, 65, 66, 67, 68, 69], "summary": {"covered_lines": 8, "num_statements": 8, "percent_covered": 100.0, "percent_covered_display": "100", "missing_lines": 0, "excluded_lines": 0, "percent_statements_covered": 100.0, "percent_statements_covered_display": "100"}, "missing_lines": [], "excluded_lines": [], "start_line": 60}, "_read_json_obj": {"executed_lines": [74, 75, 76], "summary": {"covered_lines": 3, "num_statements": 5, "percent_covered": 60.0, "percent_covered_display": "60", "missing_lines": 2, "excluded_lines": 0, "percent_statements_covered": 60.0, "percent_statements_covered_display": "60"}, "missing_lines": [77, 78], "excluded_lines": [], "start_line": 72}, "_write_json_obj": {"executed_lines": [83, 84], "summary": {"covered_lines": 2, "num_statements": 2, "percent_covered": 100.0, "percent_covered_display": "100", "missing_lines": 0, "excluded_lines": 0, "percent_statements_covered": 100.0, "percent_statements_covered_display": "100"}, "missing_lines": [], "excluded_lines": [], "start_line": 81}, "SettingsDialog.__init__": {"executed_lines": [], "summary": {"covered_lines": 0, "num_statements": 11, "percent_covered": 0.0, "percent_covered_display": "0", "missing_lines": 11, "excluded_lines": 0, "percent_statements_covered": 0.0, "percent_statements_covered_display": "0"}, "missing_lines": [97, 98, 99, 100, 101, 103, 104, 105, 108, 110, 111], "excluded_lines": [], "start_line": 96}, "SettingsDialog._setup_ui": {"executed_lines": [], "summary": {"covered_lines": 0, "num_statements": 9, "percent_covered": 0.0, "percent_covered_display": "0", "missing_lines": 9, "excluded_lines": 0, "percent_statements_covered": 0.0, "percent_statements_covered_display": "0"}, "missing_lines": [116, 118, 119, 120, 121, 122, 124, 125, 126], "excluded_lines": [], "start_line": 115}, "SettingsDialog._build_whitelist_tab": {"executed_lines": [], "summary": {"covered_lines": 0, "num_statements": 16, "percent_covered": 0.0, "percent_covered_display": "0", "missing_lines": 16, "excluded_lines": 0, "percent_statements_covered": 0.0, "percent_statements_covered_display": "0"}, "missing_lines": [131, 132, 133, 135, 136, 137, 138, 139, 140, 141, 143, 144, 145, 147, 148, 149], "excluded_lines": [], "start_line": 130}, "SettingsDialog._build_blacklist_tab": {"executed_lines": [], "summary": {"covered_lines": 0, "num_statements": 16, "percent_covered": 0.0, "percent_covered_display": "0", "missing_lines": 16, "excluded_lines": 0, "percent_statements_covered": 0.0, "percent_statements_covered_display": "0"}, "missing_lines": [154, 155, 156, 158, 159, 160, 161, 162, 163, 164, 166, 167, 168, 170, 171, 172], "excluded_lines": [], "start_line": 153}, "SettingsDialog._build_thresholds_tab": {"executed_lines": [], "summary": {"covered_lines": 0, "num_statements": 56, "percent_covered": 0.0, "percent_covered_display": "0", "missing_lines": 56, "excluded_lines": 0, "percent_statements_covered": 0.0, "percent_statements_covered_display": "0"}, "missing_lines": [177, 178, 179, 180, 181, 184, 185, 187, 188, 189, 190, 192, 193, 194, 195, 197, 198, 199, 200, 202, 203, 204, 205, 207, 208, 209, 210, 212, 213, 214, 215, 217, 218, 219, 220, 222, 225, 226, 228, 229, 230, 231, 233, 236, 237, 239, 240, 241, 242, 244, 245, 246, 247, 249, 250, 251], "excluded_lines": [], "start_line": 176}, "SettingsDialog._add_line": {"executed_lines": [], "summary": {"covered_lines": 0, "num_statements": 5, "percent_covered": 0.0, "percent_covered_display": "0", "missing_lines": 5, "excluded_lines": 0, "percent_statements_covered": 0.0, "percent_statements_covered_display": "0"}, "missing_lines": [257, 258, 259, 260, 261], "excluded_lines": [], "start_line": 256}, "SettingsDialog._del_line": {"executed_lines": [], "summary": {"covered_lines": 0, "num_statements": 7, "percent_covered": 0.0, "percent_covered_display": "0", "missing_lines": 7, "excluded_lines": 0, "percent_statements_covered": 0.0, "percent_statements_covered_display": "0"}, "missing_lines": [265, 266, 267, 269, 270, 271, 272], "excluded_lines": [], "start_line": 264}, "SettingsDialog._load_all": {"executed_lines": [], "summary": {"covered_lines": 0, "num_statements": 3, "percent_covered": 0.0, "percent_covered_display": "0", "missing_lines": 3, "excluded_lines": 0, "percent_statements_covered": 0.0, "percent_statements_covered_display": "0"}, "missing_lines": [277, 278, 279], "excluded_lines": [], "start_line": 276}, "SettingsDialog._load_whitelist": {"executed_lines": [], "summary": {"covered_lines": 0, "num_statements": 2, "percent_covered": 0.0, "percent_covered_display": "0", "missing_lines": 2, "excluded_lines": 0, "percent_statements_covered": 0.0, "percent_statements_covered_display": "0"}, "missing_lines": [282, 283], "excluded_lines": [], "start_line": 281}, "SettingsDialog._load_blacklist": {"executed_lines": [], "summary": {"covered_lines": 0, "num_statements": 2, "percent_covered": 0.0, "percent_covered_display": "0", "missing_lines": 2, "excluded_lines": 0, "percent_statements_covered": 0.0, "percent_statements_covered_display": "0"}, "missing_lines": [286, 287], "excluded_lines": [], "start_line": 285}, "SettingsDialog._load_thresholds": {"executed_lines": [], "summary": {"covered_lines": 0, "num_statements": 15, "percent_covered": 0.0, "percent_covered_display": "0", "missing_lines": 15, "excluded_lines": 0, "percent_statements_covered": 0.0, "percent_statements_covered_display": "0"}, "missing_lines": [290, 291, 293, 294, 295, 296, 297, 300, 301, 302, 304, 305, 307, 308, 309], "excluded_lines": [], "start_line": 289}, "SettingsDialog._save_all": {"executed_lines": [], "summary": {"covered_lines": 0, "num_statements": 3, "percent_covered": 0.0, "percent_covered_display": "0", "missing_lines": 3, "excluded_lines": 0, "percent_statements_covered": 0.0, "percent_statements_covered_display": "0"}, "missing_lines": [312, 313, 314], "excluded_lines": [], "start_line": 311}, "SettingsDialog._save_whitelist": {"executed_lines": [], "summary": {"covered_lines": 0, "num_statements": 3, "percent_covered": 0.0, "percent_covered_display": "0", "missing_lines": 3, "excluded_lines": 0, "percent_statements_covered": 0.0, "percent_statements_covered_display": "0"}, "missing_lines": [317, 318, 319], "excluded_lines": [], "start_line": 316}, "SettingsDialog._save_blacklist": {"executed_lines": [], "summary": {"covered_lines": 0, "num_statements": 3, "percent_covered": 0.0, "percent_covered_display": "0", "missing_lines": 3, "excluded_lines": 0, "percent_statements_covered": 0.0, "percent_statements_covered_display": "0"}, "missing_lines": [322, 323, 324], "excluded_lines": [], "start_line": 321}, "SettingsDialog._save_thresholds": {"executed_lines": [], "summary": {"covered_lines": 0, "num_statements": 16, "percent_covered": 0.0, "percent_covered_display": "0", "missing_lines": 16, "excluded_lines": 0, "percent_statements_covered": 0.0, "percent_statements_covered_display": "0"}, "missing_lines": [327, 328, 329, 330, 331, 332, 333, 334, 335, 336, 338, 339, 341, 342, 343, 345], "excluded_lines": [], "start_line": 326}, "SettingsDialog._save_and_close": {"executed_lines": [], "summary": {"covered_lines": 0, "num_statements": 5, "percent_covered": 0.0, "percent_covered_display": "0", "missing_lines": 5, "excluded_lines": 0, "percent_statements_covered": 0.0, "percent_statements_covered_display": "0"}, "missing_lines": [348, 349, 350, 351, 352], "excluded_lines": [], "start_line": 347}, "SettingsDialog.closeEvent": {"executed_lines": [], "summary": {"covered_lines": 0, "num_statements": 5, "percent_covered": 0.0, "percent_covered_display": "0", "missing_lines": 5, "excluded_lines": 0, "percent_statements_covered": 0.0, "percent_statements_covered_display": "0"}, "missing_lines": [356, 357, 358, 359, 360], "excluded_lines": [], "start_line": 354}, "": {"executed_lines": [5, 7, 8, 9, 11, 12, 29, 46, 49, 60, 72, 81, 87, 96, 115, 130, 153, 176, 255, 256, 263, 264, 276, 281, 285, 289, 311, 316, 321, 326, 347, 354], "summary": {"covered_lines": 32, "num_statements": 32, "percent_covered": 100.0, "percent_covered_display": "100", "missing_lines": 0, "excluded_lines": 0, "percent_statements_covered": 100.0, "percent_statements_covered_display": "100"}, "missing_lines": [], "excluded_lines": [], "start_line": 1}}, "classes": {"SettingsDialog": {"executed_lines": [], "summary": {"covered_lines": 0, "num_statements": 177, "percent_covered": 0.0, "percent_covered_display": "0", "missing_lines": 177, "excluded_lines": 0, "percent_statements_covered": 0.0, "percent_statements_covered_display": "0"}, "missing_lines": [97, 98, 99, 100, 101, 103, 104, 105, 108, 110, 111, 116, 118, 119, 120, 121, 122, 124, 125, 126, 131, 132, 133, 135, 136, 137, 138, 139, 140, 141, 143, 144, 145, 147, 148, 149, 154, 155, 156, 158, 159, 160, 161, 162, 163, 164, 166, 167, 168, 170, 171, 172, 177, 178, 179, 180, 181, 184, 185, 187, 188, 189, 190, 192, 193, 194, 195, 197, 198, 199, 200, 202, 203, 204, 205, 207, 208, 209, 210, 212, 213, 214, 215, 217, 218, 219, 220, 222, 225, 226, 228, 229, 230, 231, 233, 236, 237, 239, 240, 241, 242, 244, 245, 246, 247, 249, 250, 251, 257, 258, 259, 260, 261, 265, 266, 267, 269, 270, 271, 272, 277, 278, 279, 282, 283, 286, 287, 290, 291, 293, 294, 295, 296, 297, 300, 301, 302, 304, 305, 307, 308, 309, 312, 313, 314, 317, 318, 319, 322, 323, 324, 327, 328, 329, 330, 331, 332, 333, 334, 335, 336, 338, 339, 341, 342, 343, 345, 348, 349, 350, 351, 352, 356, 357, 358, 359, 360], "excluded_lines": [], "start_line": 87}, "": {"executed_lines": [5, 7, 8, 9, 11, 12, 29, 34, 38, 39, 40, 46, 49, 51, 52, 53, 54, 55, 56, 57, 60, 62, 63, 64, 65, 66, 67, 68, 69, 72, 74, 75, 76, 81, 83, 84, 87, 96, 115, 130, 153, 176, 255, 256, 263, 264, 276, 281, 285, 289, 311, 316, 321, 326, 347, 354], "summary": {"covered_lines": 56, "num_statements": 59, "percent_covered": 94.91525423728814, "percent_covered_display": "95", "missing_lines": 3, "excluded_lines": 0, "percent_statements_covered": 94.91525423728814, "percent_statements_covered_display": "95"}, "missing_lines": [41, 77, 78], "excluded_lines": [], "start_line": 1}}}, "src/hallucination_checker/io/__init__.py": {"executed_lines": [], "summary": {"covered_lines": 0, "num_statements": 0, "percent_covered": 100.0, "percent_covered_display": "100", "missing_lines": 0, "excluded_lines": 0, "percent_statements_covered": 100.0, "percent_statements_covered_display": "100"}, "missing_lines": [], "excluded_lines": [], "functions": {"": {"executed_lines": [], "summary": {"covered_lines": 0, "num_statements": 0, "percent_covered": 100.0, "percent_covered_display": "100", "missing_lines": 0, "excluded_lines": 0, "percent_statements_covered": 100.0, "percent_statements_covered_display": "100"}, "missing_lines": [], "excluded_lines": [], "start_line": 1}}, "classes": {"": {"executed_lines": [], "summary": {"covered_lines": 0, "num_statements": 0, "percent_covered": 100.0, "percent_covered_display": "100", "missing_lines": 0, "excluded_lines": 0, "percent_statements_covered": 100.0, "percent_statements_covered_display": "100"}, "missing_lines": [], "excluded_lines": [], "start_line": 1}}}, "src/hallucination_checker/io/document_text.py": {"executed_lines": [16, 18, 19, 20, 23, 24, 33, 34, 36, 37, 45, 46, 49, 50, 53, 56, 57, 67, 68, 70, 71, 75, 76, 81, 84, 87, 89, 90, 91, 92, 94, 95, 97, 98, 99, 101, 105, 107, 108, 114, 116, 117, 118, 120, 121, 123, 124, 125, 126, 128, 129, 130, 131, 132, 133, 134, 141, 143], "summary": {"covered_lines": 58, "num_statements": 61, "percent_covered": 95.08196721311475, "percent_covered_display": "95", "missing_lines": 3, "excluded_lines": 0, "percent_statements_covered": 95.08196721311475, "percent_statements_covered_display": "95"}, "missing_lines": [47, 51, 139], "excluded_lines": [], "functions": {"TextPart.display": {"executed_lines": [45, 46, 49, 50, 53], "summary": {"covered_lines": 5, "num_statements": 7, "percent_covered": 71.42857142857143, "percent_covered_display": "71", "missing_lines": 2, "excluded_lines": 0, "percent_statements_covered": 71.42857142857143, "percent_statements_covered_display": "71"}, "missing_lines": [47, 51], "excluded_lines": [], "start_line": 37}, "DocumentText.__post_init__": {"executed_lines": [71], "summary": {"covered_lines": 1, "num_statements": 1, "percent_covered": 100.0, "percent_covered_display": "100", "missing_lines": 0, "excluded_lines": 0, "percent_statements_covered": 100.0, "percent_statements_covered_display": "100"}, "missing_lines": [], "excluded_lines": [], "start_line": 70}, "DocumentText.from_docx": {"executed_lines": [81, 84, 87, 89, 90, 91, 92], "summary": {"covered_lines": 7, "num_statements": 7, "percent_covered": 100.0, "percent_covered_display": "100", "missing_lines": 0, "excluded_lines": 0, "percent_statements_covered": 100.0, "percent_statements_covered_display": "100"}, "missing_lines": [], "excluded_lines": [], "start_line": 76}, "DocumentText.from_text": {"executed_lines": [97, 98, 99, 101, 105], "summary": {"covered_lines": 5, "num_statements": 5, "percent_covered": 100.0, "percent_covered_display": "100", "missing_lines": 0, "excluded_lines": 0, "percent_statements_covered": 100.0, "percent_statements_covered_display": "100"}, "missing_lines": [], "excluded_lines": [], "start_line": 95}, "DocumentText.from_markdown": {"executed_lines": [114, 116, 117, 118, 120, 121, 123, 124, 125, 126, 128, 129, 130, 131, 132, 133, 134, 141, 143], "summary": {"covered_lines": 19, "num_statements": 20, "percent_covered": 95.0, "percent_covered_display": "95", "missing_lines": 1, "excluded_lines": 0, "percent_statements_covered": 95.0, "percent_statements_covered_display": "95"}, "missing_lines": [139], "excluded_lines": [], "start_line": 108}, "": {"executed_lines": [16, 18, 19, 20, 23, 24, 33, 34, 36, 37, 56, 57, 67, 68, 70, 75, 76, 94, 95, 107, 108], "summary": {"covered_lines": 21, "num_statements": 21, "percent_covered": 100.0, "percent_covered_display": "100", "missing_lines": 0, "excluded_lines": 0, "percent_statements_covered": 100.0, "percent_statements_covered_display": "100"}, "missing_lines": [], "excluded_lines": [], "start_line": 1}}, "classes": {"TextPart": {"executed_lines": [45, 46, 49, 50, 53], "summary": {"covered_lines": 5, "num_statements": 7, "percent_covered": 71.42857142857143, "percent_covered_display": "71", "missing_lines": 2, "excluded_lines": 0, "percent_statements_covered": 71.42857142857143, "percent_statements_covered_display": "71"}, "missing_lines": [47, 51], "excluded_lines": [], "start_line": 24}, "DocumentText": {"executed_lines": [71, 81, 84, 87, 89, 90, 91, 92, 97, 98, 99, 101, 105, 114, 116, 117, 118, 120, 121, 123, 124, 125, 126, 128, 129, 130, 131, 132, 133, 134, 141, 143], "summary": {"covered_lines": 32, "num_statements": 33, "percent_covered": 96.96969696969697, "percent_covered_display": "97", "missing_lines": 1, "excluded_lines": 0, "percent_statements_covered": 96.96969696969697, "percent_statements_covered_display": "97"}, "missing_lines": [139], "excluded_lines": [], "start_line": 57}, "": {"executed_lines": [16, 18, 19, 20, 23, 24, 33, 34, 36, 37, 56, 57, 67, 68, 70, 75, 76, 94, 95, 107, 108], "summary": {"covered_lines": 21, "num_statements": 21, "percent_covered": 100.0, "percent_covered_display": "100", "missing_lines": 0, "excluded_lines": 0, "percent_statements_covered": 100.0, "percent_statements_covered_display": "100"}, "missing_lines": [], "excluded_lines": [], "start_line": 1}}}, "src/hallucination_checker/io/docx_reader.py": {"executed_lines": [7, 9, 10, 12, 18, 31, 32, 34, 35, 41], "summary": {"covered_lines": 10, "num_statements": 14, "percent_covered": 71.42857142857143, "percent_covered_display": "71", "missing_lines": 4, "excluded_lines": 2, "percent_statements_covered": 71.42857142857143, "percent_statements_covered_display": "71"}, "missing_lines": [36, 37, 38, 39], "excluded_lines": [14, 15], "functions": {"load_docx": {"executed_lines": [31, 32, 34, 35, 41], "summary": {"covered_lines": 5, "num_statements": 9, "percent_covered": 55.55555555555556, "percent_covered_display": "56", "missing_lines": 4, "excluded_lines": 0, "percent_statements_covered": 55.55555555555556, "percent_statements_covered_display": "56"}, "missing_lines": [36, 37, 38, 39], "excluded_lines": [], "start_line": 18}, "": {"executed_lines": [7, 9, 10, 12, 18], "summary": {"covered_lines": 5, "num_statements": 5, "percent_covered": 100.0, "percent_covered_display": "100", "missing_lines": 0, "excluded_lines": 2, "percent_statements_covered": 100.0, "percent_statements_covered_display": "100"}, "missing_lines": [], "excluded_lines": [14, 15], "start_line": 1}}, "classes": {"": {"executed_lines": [7, 9, 10, 12, 18, 31, 32, 34, 35, 41], "summary": {"covered_lines": 10, "num_statements": 14, "percent_covered": 71.42857142857143, "percent_covered_display": "71", "missing_lines": 4, "excluded_lines": 2, "percent_statements_covered": 71.42857142857143, "percent_statements_covered_display": "71"}, "missing_lines": [36, 37, 38, 39], "excluded_lines": [14, 15], "start_line": 1}}}, "src/hallucination_checker/io/format_checks.py": {"executed_lines": [5, 7, 8, 13, 16, 18, 19, 21, 22, 23, 24, 27, 34, 37, 39, 41, 48, 51, 53, 54, 55, 56, 58, 59, 60, 61, 62, 64, 66, 67, 72, 73, 76, 79, 81, 90, 92, 93, 94, 95, 99, 102, 104, 106, 114], "summary": {"covered_lines": 45, "num_statements": 62, "percent_covered": 72.58064516129032, "percent_covered_display": "73", "missing_lines": 17, "excluded_lines": 2, "percent_statements_covered": 72.58064516129032, "percent_statements_covered_display": "73"}, "missing_lines": [25, 28, 29, 30, 31, 32, 42, 45, 46, 68, 74, 96, 97, 107, 108, 109, 110], "excluded_lines": [10, 11], "functions": {"check_markdown": {"executed_lines": [18, 19, 21, 22, 23, 24, 27, 34], "summary": {"covered_lines": 8, "num_statements": 14, "percent_covered": 57.142857142857146, "percent_covered_display": "57", "missing_lines": 6, "excluded_lines": 0, "percent_statements_covered": 57.142857142857146, "percent_statements_covered_display": "57"}, "missing_lines": [25, 28, 29, 30, 31, 32], "excluded_lines": [], "start_line": 16}, "check_empty_table_rows": {"executed_lines": [39, 41, 48], "summary": {"covered_lines": 3, "num_statements": 6, "percent_covered": 50.0, "percent_covered_display": "50", "missing_lines": 3, "excluded_lines": 0, "percent_statements_covered": 50.0, "percent_statements_covered_display": "50"}, "missing_lines": [42, 45, 46], "excluded_lines": [], "start_line": 37}, "check_blank_paragraphs": {"executed_lines": [53, 54, 55, 56, 58, 59, 60, 61, 62, 64, 66, 67, 72, 73, 76], "summary": {"covered_lines": 15, "num_statements": 17, "percent_covered": 88.23529411764706, "percent_covered_display": "88", "missing_lines": 2, "excluded_lines": 0, "percent_statements_covered": 88.23529411764706, "percent_statements_covered_display": "88"}, "missing_lines": [68, 74], "excluded_lines": [], "start_line": 51}, "check_emoji": {"executed_lines": [81, 90, 92, 93, 94, 95, 99], "summary": {"covered_lines": 7, "num_statements": 9, "percent_covered": 77.77777777777777, "percent_covered_display": "78", "missing_lines": 2, "excluded_lines": 0, "percent_statements_covered": 77.77777777777777, "percent_statements_covered_display": "78"}, "missing_lines": [96, 97], "excluded_lines": [], "start_line": 79}, "check_long_text": {"executed_lines": [104, 106, 114], "summary": {"covered_lines": 3, "num_statements": 7, "percent_covered": 42.857142857142854, "percent_covered_display": "43", "missing_lines": 4, "excluded_lines": 0, "percent_statements_covered": 42.857142857142854, "percent_statements_covered_display": "43"}, "missing_lines": [107, 108, 109, 110], "excluded_lines": [], "start_line": 102}, "": {"executed_lines": [5, 7, 8, 13, 16, 37, 51, 79, 102], "summary": {"covered_lines": 9, "num_statements": 9, "percent_covered": 100.0, "percent_covered_display": "100", "missing_lines": 0, "excluded_lines": 2, "percent_statements_covered": 100.0, "percent_statements_covered_display": "100"}, "missing_lines": [], "excluded_lines": [10, 11], "start_line": 1}}, "classes": {"": {"executed_lines": [5, 7, 8, 13, 16, 18, 19, 21, 22, 23, 24, 27, 34, 37, 39, 41, 48, 51, 53, 54, 55, 56, 58, 59, 60, 61, 62, 64, 66, 67, 72, 73, 76, 79, 81, 90, 92, 93, 94, 95, 99, 102, 104, 106, 114], "summary": {"covered_lines": 45, "num_statements": 62, "percent_covered": 72.58064516129032, "percent_covered_display": "73", "missing_lines": 17, "excluded_lines": 2, "percent_statements_covered": 72.58064516129032, "percent_statements_covered_display": "73"}, "missing_lines": [25, 28, 29, 30, 31, 32, 42, 45, 46, 68, 74, 96, 97, 107, 108, 109, 110], "excluded_lines": [10, 11], "start_line": 1}}}, "src/hallucination_checker/io/reporter.py": {"executed_lines": [5, 7, 12, 15, 17, 18, 19, 20, 21, 22, 23, 26, 28, 29, 30, 31, 35, 36, 37, 38, 41, 43, 44, 48, 49, 52, 56, 57, 59, 60, 61, 62, 64, 67, 68, 73, 74, 79, 80, 85, 87, 88, 89, 90], "summary": {"covered_lines": 44, "num_statements": 46, "percent_covered": 95.65217391304348, "percent_covered_display": "96", "missing_lines": 2, "excluded_lines": 2, "percent_statements_covered": 95.65217391304348, "percent_statements_covered_display": "96"}, "missing_lines": [33, 65], "excluded_lines": [9, 10], "functions": {"print_report_header": {"executed_lines": [17, 18, 19, 20, 21, 22, 23], "summary": {"covered_lines": 7, "num_statements": 7, "percent_covered": 100.0, "percent_covered_display": "100", "missing_lines": 0, "excluded_lines": 0, "percent_statements_covered": 100.0, "percent_statements_covered_display": "100"}, "missing_lines": [], "excluded_lines": [], "start_line": 15}, "print_issues_and_warnings": {"executed_lines": [28, 29, 30, 31, 35, 36, 37, 38], "summary": {"covered_lines": 8, "num_statements": 9, "percent_covered": 88.88888888888889, "percent_covered_display": "89", "missing_lines": 1, "excluded_lines": 0, "percent_statements_covered": 88.88888888888889, "percent_statements_covered_display": "89"}, "missing_lines": [33], "excluded_lines": [], "start_line": 26}, "print_gehd_stats": {"executed_lines": [43, 44, 48, 49], "summary": {"covered_lines": 4, "num_statements": 4, "percent_covered": 100.0, "percent_covered_display": "100", "missing_lines": 0, "excluded_lines": 0, "percent_statements_covered": 100.0, "percent_statements_covered_display": "100"}, "missing_lines": [], "excluded_lines": [], "start_line": 41}, "print_l4_summary": {"executed_lines": [56, 57, 59, 60, 61, 62, 64, 67, 68, 73, 74, 79, 80], "summary": {"covered_lines": 13, "num_statements": 14, "percent_covered": 92.85714285714286, "percent_covered_display": "93", "missing_lines": 1, "excluded_lines": 0, "percent_statements_covered": 92.85714285714286, "percent_statements_covered_display": "93"}, "missing_lines": [65], "excluded_lines": [], "start_line": 52}, "print_report_footer": {"executed_lines": [87, 88, 89, 90], "summary": {"covered_lines": 4, "num_statements": 4, "percent_covered": 100.0, "percent_covered_display": "100", "missing_lines": 0, "excluded_lines": 0, "percent_statements_covered": 100.0, "percent_statements_covered_display": "100"}, "missing_lines": [], "excluded_lines": [], "start_line": 85}, "": {"executed_lines": [5, 7, 12, 15, 26, 41, 52, 85], "summary": {"covered_lines": 8, "num_statements": 8, "percent_covered": 100.0, "percent_covered_display": "100", "missing_lines": 0, "excluded_lines": 2, "percent_statements_covered": 100.0, "percent_statements_covered_display": "100"}, "missing_lines": [], "excluded_lines": [9, 10], "start_line": 1}}, "classes": {"": {"executed_lines": [5, 7, 12, 15, 17, 18, 19, 20, 21, 22, 23, 26, 28, 29, 30, 31, 35, 36, 37, 38, 41, 43, 44, 48, 49, 52, 56, 57, 59, 60, 61, 62, 64, 67, 68, 73, 74, 79, 80, 85, 87, 88, 89, 90], "summary": {"covered_lines": 44, "num_statements": 46, "percent_covered": 95.65217391304348, "percent_covered_display": "96", "missing_lines": 2, "excluded_lines": 2, "percent_statements_covered": 95.65217391304348, "percent_statements_covered_display": "96"}, "missing_lines": [33, 65], "excluded_lines": [9, 10], "start_line": 1}}}, "src/hallucination_checker/logging_setup.py": {"executed_lines": [8, 9, 11, 14, 21, 24, 25, 27, 28, 29, 30, 31, 37, 41], "summary": {"covered_lines": 14, "num_statements": 17, "percent_covered": 82.3529411764706, "percent_covered_display": "82", "missing_lines": 3, "excluded_lines": 0, "percent_statements_covered": 82.3529411764706, "percent_statements_covered_display": "82"}, "missing_lines": [22, 38, 39], "excluded_lines": [], "functions": {"get_logger": {"executed_lines": [21, 24, 25, 27, 28, 29, 30, 31, 37, 41], "summary": {"covered_lines": 10, "num_statements": 13, "percent_covered": 76.92307692307692, "percent_covered_display": "77", "missing_lines": 3, "excluded_lines": 0, "percent_statements_covered": 76.92307692307692, "percent_statements_covered_display": "77"}, "missing_lines": [22, 38, 39], "excluded_lines": [], "start_line": 14}, "": {"executed_lines": [8, 9, 11, 14], "summary": {"covered_lines": 4, "num_statements": 4, "percent_covered": 100.0, "percent_covered_display": "100", "missing_lines": 0, "excluded_lines": 0, "percent_statements_covered": 100.0, "percent_statements_covered_display": "100"}, "missing_lines": [], "excluded_lines": [], "start_line": 1}}, "classes": {"": {"executed_lines": [8, 9, 11, 14, 21, 24, 25, 27, 28, 29, 30, 31, 37, 41], "summary": {"covered_lines": 14, "num_statements": 17, "percent_covered": 82.3529411764706, "percent_covered_display": "82", "missing_lines": 3, "excluded_lines": 0, "percent_statements_covered": 82.3529411764706, "percent_statements_covered_display": "82"}, "missing_lines": [22, 38, 39], "excluded_lines": [], "start_line": 1}}}}, "totals": {"covered_lines": 705, "num_statements": 1238, "percent_covered": 56.94668820678514, "percent_covered_display": "57", "missing_lines": 533, "excluded_lines": 10, "percent_statements_covered": 56.94668820678514, "percent_statements_covered_display": "57"}}